<?xml version="1.0" encoding="UTF-8"?>
<testsuite xmlns:xsi="http://www.w3.org/2001/XMLSchema-instance" xsi:schemaLocation="https://maven.apache.org/surefire/maven-surefire-plugin/xsd/surefire-test-report.xsd" name="test.java.InmueblesTest" time="0.1" tests="1" errors="1" skipped="0" failures="0">
  <properties>
    <property name="idea.version" value="2018.1.2"/>
    <property name="java.runtime.name" value="Java(TM) SE Runtime Environment"/>
    <property name="sun.boot.library.path" value="C:\Program Files\Java\jdk1.8.0_65\jre\bin"/>
    <property name="java.vm.version" value="25.65-b01"/>
    <property name="user.country.format" value="ES"/>
    <property name="java.vm.vendor" value="Oracle Corporation"/>
    <property name="maven.multiModuleProjectDirectory" value="C:\Users\p-darroyo\Documents\GitHub\InmoVinesRepo\Projects\InmoVines_MODEL_HIBERNATE_JPA\trunk"/>
    <property name="java.vendor.url" value="http://java.oracle.com/"/>
    <property name="path.separator" value=";"/>
    <property name="guice.disable.misplaced.annotation.check" value="true"/>
    <property name="java.vm.name" value="Java HotSpot(TM) 64-Bit Server VM"/>
    <property name="file.encoding.pkg" value="sun.io"/>
    <property name="user.script" value=""/>
    <property name="user.country" value="US"/>
    <property name="sun.java.launcher" value="SUN_STANDARD"/>
    <property name="sun.os.patch.level" value=""/>
    <property name="java.vm.specification.name" value="Java Virtual Machine Specification"/>
    <property name="user.dir" value="C:\Users\p-darroyo\Documents\GitHub\InmoVinesRepo\Projects\InmoVines_MODEL_HIBERNATE_JPA\trunk"/>
    <property name="java.runtime.version" value="1.8.0_65-b17"/>
    <property name="java.awt.graphicsenv" value="sun.awt.Win32GraphicsEnvironment"/>
    <property name="java.endorsed.dirs" value="C:\Program Files\Java\jdk1.8.0_65\jre\lib\endorsed"/>
    <property name="os.arch" value="amd64"/>
    <property name="java.io.tmpdir" value="C:\Users\P-DARR~1\AppData\Local\Temp\"/>
    <property name="line.separator" value="&#10;"/>
    <property name="java.vm.specification.vendor" value="Oracle Corporation"/>
    <property name="user.variant" value=""/>
    <property name="os.name" value="Windows 10"/>
    <property name="classworlds.conf" value="C:\Program Files\JetBrains\IntelliJ IDEA 2018.1.2\plugins\maven\lib\maven3\bin\m2.conf"/>
    <property name="sun.jnu.encoding" value="Cp1252"/>
    <property name="java.library.path" value="C:\Program Files\Java\jdk1.8.0_65\bin;C:\Windows\Sun\Java\bin;C:\Windows\system32;C:\Windows;C:\ProgramData\Oracle\Java\javapath;C:\Windows\system32;C:\Windows;C:\Windows\System32\Wbem;C:\Windows\System32\WindowsPowerShell\v1.0\;C:\apache-maven-3.3.3\bin;C:\Program Files\Java\jdk1.8.0_65\bin;C:\Program Files\TortoiseSVN\bin;C:\Program Files\nodejs\;C:\Program Files\Git\cmd;C:\Program Files\dotnet\;C:\Program Files (x86)\Windows Kits\10\Windows Performance Toolkit\;C:\Users\p-darroyo\AppData\Local\Microsoft\WindowsApps;C:\Users\p-darroyo\AppData\Local\GitHubDesktop\bin;C:\Program Files\Java\jdk1.8.0_111\bin;C:\Users\p-darroyo\AppData\Roaming\npm;C:\Users\p-darroyo\AppData\Local\atom\bin;C:\Program Files\Microsoft VS Code\bin;."/>
    <property name="java.specification.name" value="Java Platform API Specification"/>
    <property name="java.class.version" value="52.0"/>
    <property name="sun.management.compiler" value="HotSpot 64-Bit Tiered Compilers"/>
    <property name="os.version" value="10.0"/>
    <property name="user.home" value="C:\Users\p-darroyo"/>
    <property name="user.timezone" value="Europe/Paris"/>
    <property name="java.awt.printerjob" value="sun.awt.windows.WPrinterJob"/>
    <property name="java.specification.version" value="1.8"/>
    <property name="file.encoding" value="UTF-8"/>
    <property name="user.name" value="p-darroyo"/>
    <property name="java.class.path" value="C:\Program Files\JetBrains\IntelliJ IDEA 2018.1.2\plugins\maven\lib\maven3\boot\plexus-classworlds-2.5.2.jar;C:\Program Files\JetBrains\IntelliJ IDEA 2018.1.2\lib\idea_rt.jar"/>
    <property name="java.vm.specification.version" value="1.8"/>
    <property name="sun.arch.data.model" value="64"/>
    <property name="java.home" value="C:\Program Files\Java\jdk1.8.0_65\jre"/>
    <property name="sun.java.command" value="org.codehaus.classworlds.Launcher -Didea.version=2018.1.2 test -f pom.xml"/>
    <property name="java.specification.vendor" value="Oracle Corporation"/>
    <property name="user.language" value="en"/>
    <property name="user.language.format" value="es"/>
    <property name="awt.toolkit" value="sun.awt.windows.WToolkit"/>
    <property name="java.vm.info" value="mixed mode"/>
    <property name="java.version" value="1.8.0_65"/>
    <property name="java.ext.dirs" value="C:\Program Files\Java\jdk1.8.0_65\jre\lib\ext;C:\Windows\Sun\Java\lib\ext"/>
    <property name="sun.boot.class.path" value="C:\Program Files\Java\jdk1.8.0_65\jre\lib\resources.jar;C:\Program Files\Java\jdk1.8.0_65\jre\lib\rt.jar;C:\Program Files\Java\jdk1.8.0_65\jre\lib\sunrsasign.jar;C:\Program Files\Java\jdk1.8.0_65\jre\lib\jsse.jar;C:\Program Files\Java\jdk1.8.0_65\jre\lib\jce.jar;C:\Program Files\Java\jdk1.8.0_65\jre\lib\charsets.jar;C:\Program Files\Java\jdk1.8.0_65\jre\lib\jfr.jar;C:\Program Files\Java\jdk1.8.0_65\jre\classes"/>
    <property name="java.vendor" value="Oracle Corporation"/>
    <property name="maven.home" value="C:\Program Files\JetBrains\IntelliJ IDEA 2018.1.2\plugins\maven\lib\maven3"/>
    <property name="file.separator" value="\"/>
    <property name="java.vendor.url.bug" value="http://bugreport.sun.com/bugreport/"/>
    <property name="sun.cpu.endian" value="little"/>
    <property name="sun.io.unicode.encoding" value="UnicodeLittle"/>
    <property name="sun.desktop" value="windows"/>
    <property name="sun.cpu.isalist" value="amd64"/>
  </properties>
  <testcase name="test.java.InmueblesTest" classname="test.java.InmueblesTest" time="0.1">
    <error message="Index: 0, Size: 0" type="java.lang.IndexOutOfBoundsException">java.lang.IndexOutOfBoundsException: Index: 0, Size: 0
	at test.java.InmueblesTest.setUp(InmueblesTest.java:150)
</error>
    <system-out><![CDATA[Hibernate: select comunidade0_.id as id1_3_0_, comunidade0_.comunidad as comunida2_3_0_, comunidade0_.slug as slug3_3_0_ from comunidades comunidade0_ where comunidade0_.id=?
Hibernate: select provincias0_.comunidad_id as comunida5_7_0_, provincias0_.id as id1_7_0_, provincias0_.id as id1_7_1_, provincias0_.capital_id as capital_4_7_1_, provincias0_.comunidad_id as comunida5_7_1_, provincias0_.provincia as provinci2_7_1_, provincias0_.slug as slug3_7_1_, municipios1_.id as id1_6_2_, municipios1_.latitud as latitud2_6_2_, municipios1_.longitud as longitud3_6_2_, municipios1_.municipio as municipi4_6_2_, municipios1_.id_provincia as id_provi6_6_2_, municipios1_.slug as slug5_6_2_, provincias2_.id as id1_7_3_, provincias2_.capital_id as capital_4_7_3_, provincias2_.comunidad_id as comunida5_7_3_, provincias2_.provincia as provinci2_7_3_, provincias2_.slug as slug3_7_3_ from provincias provincias0_ left outer join municipios municipios1_ on provincias0_.capital_id=municipios1_.id left outer join provincias provincias2_ on municipios1_.id_provincia=provincias2_.id where provincias0_.comunidad_id=?
Hibernate: select municipios0_.id as id1_6_0_, municipios0_.latitud as latitud2_6_0_, municipios0_.longitud as longitud3_6_0_, municipios0_.municipio as municipi4_6_0_, municipios0_.id_provincia as id_provi6_6_0_, municipios0_.slug as slug5_6_0_, provincias1_.id as id1_7_1_, provincias1_.capital_id as capital_4_7_1_, provincias1_.comunidad_id as comunida5_7_1_, provincias1_.provincia as provinci2_7_1_, provincias1_.slug as slug3_7_1_, municipios2_.id as id1_6_2_, municipios2_.latitud as latitud2_6_2_, municipios2_.longitud as longitud3_6_2_, municipios2_.municipio as municipi4_6_2_, municipios2_.id_provincia as id_provi6_6_2_, municipios2_.slug as slug5_6_2_, comunidade3_.id as id1_3_3_, comunidade3_.comunidad as comunida2_3_3_, comunidade3_.slug as slug3_3_3_ from municipios municipios0_ left outer join provincias provincias1_ on municipios0_.id_provincia=provincias1_.id left outer join municipios municipios2_ on provincias1_.capital_id=municipios2_.id left outer join comunidades comunidade3_ on provincias1_.comunidad_id=comunidade3_.id where municipios0_.id=?
Hibernate: select provincias0_.id as id1_7_0_, provincias0_.capital_id as capital_4_7_0_, provincias0_.comunidad_id as comunida5_7_0_, provincias0_.provincia as provinci2_7_0_, provincias0_.slug as slug3_7_0_, municipios1_.id as id1_6_1_, municipios1_.latitud as latitud2_6_1_, municipios1_.longitud as longitud3_6_1_, municipios1_.municipio as municipi4_6_1_, municipios1_.id_provincia as id_provi6_6_1_, municipios1_.slug as slug5_6_1_, provincias2_.id as id1_7_2_, provincias2_.capital_id as capital_4_7_2_, provincias2_.comunidad_id as comunida5_7_2_, provincias2_.provincia as provinci2_7_2_, provincias2_.slug as slug3_7_2_, comunidade3_.id as id1_3_3_, comunidade3_.comunidad as comunida2_3_3_, comunidade3_.slug as slug3_3_3_ from provincias provincias0_ left outer join municipios municipios1_ on provincias0_.capital_id=municipios1_.id left outer join provincias provincias2_ on municipios1_.id_provincia=provincias2_.id left outer join comunidades comunidade3_ on provincias0_.comunidad_id=comunidade3_.id where provincias0_.id=?
Hibernate: select municipios0_.id as id1_6_0_, municipios0_.latitud as latitud2_6_0_, municipios0_.longitud as longitud3_6_0_, municipios0_.municipio as municipi4_6_0_, municipios0_.id_provincia as id_provi6_6_0_, municipios0_.slug as slug5_6_0_, provincias1_.id as id1_7_1_, provincias1_.capital_id as capital_4_7_1_, provincias1_.comunidad_id as comunida5_7_1_, provincias1_.provincia as provinci2_7_1_, provincias1_.slug as slug3_7_1_, municipios2_.id as id1_6_2_, municipios2_.latitud as latitud2_6_2_, municipios2_.longitud as longitud3_6_2_, municipios2_.municipio as municipi4_6_2_, municipios2_.id_provincia as id_provi6_6_2_, municipios2_.slug as slug5_6_2_, comunidade3_.id as id1_3_3_, comunidade3_.comunidad as comunida2_3_3_, comunidade3_.slug as slug3_3_3_ from municipios municipios0_ left outer join provincias provincias1_ on municipios0_.id_provincia=provincias1_.id left outer join municipios municipios2_ on provincias1_.capital_id=municipios2_.id left outer join comunidades comunidade3_ on provincias1_.comunidad_id=comunidade3_.id where municipios0_.id=?
Hibernate: select provincias0_.id as id1_7_0_, provincias0_.capital_id as capital_4_7_0_, provincias0_.comunidad_id as comunida5_7_0_, provincias0_.provincia as provinci2_7_0_, provincias0_.slug as slug3_7_0_, municipios1_.id as id1_6_1_, municipios1_.latitud as latitud2_6_1_, municipios1_.longitud as longitud3_6_1_, municipios1_.municipio as municipi4_6_1_, municipios1_.id_provincia as id_provi6_6_1_, municipios1_.slug as slug5_6_1_, provincias2_.id as id1_7_2_, provincias2_.capital_id as capital_4_7_2_, provincias2_.comunidad_id as comunida5_7_2_, provincias2_.provincia as provinci2_7_2_, provincias2_.slug as slug3_7_2_, comunidade3_.id as id1_3_3_, comunidade3_.comunidad as comunida2_3_3_, comunidade3_.slug as slug3_3_3_ from provincias provincias0_ left outer join municipios municipios1_ on provincias0_.capital_id=municipios1_.id left outer join provincias provincias2_ on municipios1_.id_provincia=provincias2_.id left outer join comunidades comunidade3_ on provincias0_.comunidad_id=comunidade3_.id where provincias0_.id=?
Hibernate: select municipios0_.id as id1_6_0_, municipios0_.latitud as latitud2_6_0_, municipios0_.longitud as longitud3_6_0_, municipios0_.municipio as municipi4_6_0_, municipios0_.id_provincia as id_provi6_6_0_, municipios0_.slug as slug5_6_0_, provincias1_.id as id1_7_1_, provincias1_.capital_id as capital_4_7_1_, provincias1_.comunidad_id as comunida5_7_1_, provincias1_.provincia as provinci2_7_1_, provincias1_.slug as slug3_7_1_, municipios2_.id as id1_6_2_, municipios2_.latitud as latitud2_6_2_, municipios2_.longitud as longitud3_6_2_, municipios2_.municipio as municipi4_6_2_, municipios2_.id_provincia as id_provi6_6_2_, municipios2_.slug as slug5_6_2_, comunidade3_.id as id1_3_3_, comunidade3_.comunidad as comunida2_3_3_, comunidade3_.slug as slug3_3_3_ from municipios municipios0_ left outer join provincias provincias1_ on municipios0_.id_provincia=provincias1_.id left outer join municipios municipios2_ on provincias1_.capital_id=municipios2_.id left outer join comunidades comunidade3_ on provincias1_.comunidad_id=comunidade3_.id where municipios0_.id=?
Hibernate: select provincias0_.id as id1_7_0_, provincias0_.capital_id as capital_4_7_0_, provincias0_.comunidad_id as comunida5_7_0_, provincias0_.provincia as provinci2_7_0_, provincias0_.slug as slug3_7_0_, municipios1_.id as id1_6_1_, municipios1_.latitud as latitud2_6_1_, municipios1_.longitud as longitud3_6_1_, municipios1_.municipio as municipi4_6_1_, municipios1_.id_provincia as id_provi6_6_1_, municipios1_.slug as slug5_6_1_, provincias2_.id as id1_7_2_, provincias2_.capital_id as capital_4_7_2_, provincias2_.comunidad_id as comunida5_7_2_, provincias2_.provincia as provinci2_7_2_, provincias2_.slug as slug3_7_2_, comunidade3_.id as id1_3_3_, comunidade3_.comunidad as comunida2_3_3_, comunidade3_.slug as slug3_3_3_ from provincias provincias0_ left outer join municipios municipios1_ on provincias0_.capital_id=municipios1_.id left outer join provincias provincias2_ on municipios1_.id_provincia=provincias2_.id left outer join comunidades comunidade3_ on provincias0_.comunidad_id=comunidade3_.id where provincias0_.id=?
Hibernate: select comunidade0_.id as id1_3_0_, comunidade0_.comunidad as comunida2_3_0_, comunidade0_.slug as slug3_3_0_ from comunidades comunidade0_ where comunidade0_.id=?
Hibernate: select comunidade0_.id as id1_3_0_, comunidade0_.comunidad as comunida2_3_0_, comunidade0_.slug as slug3_3_0_ from comunidades comunidade0_ where comunidade0_.id=?
Hibernate: select municipios0_.id as id1_6_0_, municipios0_.latitud as latitud2_6_0_, municipios0_.longitud as longitud3_6_0_, municipios0_.municipio as municipi4_6_0_, municipios0_.id_provincia as id_provi6_6_0_, municipios0_.slug as slug5_6_0_, provincias1_.id as id1_7_1_, provincias1_.capital_id as capital_4_7_1_, provincias1_.comunidad_id as comunida5_7_1_, provincias1_.provincia as provinci2_7_1_, provincias1_.slug as slug3_7_1_, municipios2_.id as id1_6_2_, municipios2_.latitud as latitud2_6_2_, municipios2_.longitud as longitud3_6_2_, municipios2_.municipio as municipi4_6_2_, municipios2_.id_provincia as id_provi6_6_2_, municipios2_.slug as slug5_6_2_, comunidade3_.id as id1_3_3_, comunidade3_.comunidad as comunida2_3_3_, comunidade3_.slug as slug3_3_3_ from municipios municipios0_ left outer join provincias provincias1_ on municipios0_.id_provincia=provincias1_.id left outer join municipios municipios2_ on provincias1_.capital_id=municipios2_.id left outer join comunidades comunidade3_ on provincias1_.comunidad_id=comunidade3_.id where municipios0_.id=?
Hibernate: select provincias0_.id as id1_7_0_, provincias0_.capital_id as capital_4_7_0_, provincias0_.comunidad_id as comunida5_7_0_, provincias0_.provincia as provinci2_7_0_, provincias0_.slug as slug3_7_0_, municipios1_.id as id1_6_1_, municipios1_.latitud as latitud2_6_1_, municipios1_.longitud as longitud3_6_1_, municipios1_.municipio as municipi4_6_1_, municipios1_.id_provincia as id_provi6_6_1_, municipios1_.slug as slug5_6_1_, provincias2_.id as id1_7_2_, provincias2_.capital_id as capital_4_7_2_, provincias2_.comunidad_id as comunida5_7_2_, provincias2_.provincia as provinci2_7_2_, provincias2_.slug as slug3_7_2_, comunidade3_.id as id1_3_3_, comunidade3_.comunidad as comunida2_3_3_, comunidade3_.slug as slug3_3_3_ from provincias provincias0_ left outer join municipios municipios1_ on provincias0_.capital_id=municipios1_.id left outer join provincias provincias2_ on municipios1_.id_provincia=provincias2_.id left outer join comunidades comunidade3_ on provincias0_.comunidad_id=comunidade3_.id where provincias0_.id=?
Hibernate: select municipios0_.id as id1_6_0_, municipios0_.latitud as latitud2_6_0_, municipios0_.longitud as longitud3_6_0_, municipios0_.municipio as municipi4_6_0_, municipios0_.id_provincia as id_provi6_6_0_, municipios0_.slug as slug5_6_0_, provincias1_.id as id1_7_1_, provincias1_.capital_id as capital_4_7_1_, provincias1_.comunidad_id as comunida5_7_1_, provincias1_.provincia as provinci2_7_1_, provincias1_.slug as slug3_7_1_, municipios2_.id as id1_6_2_, municipios2_.latitud as latitud2_6_2_, municipios2_.longitud as longitud3_6_2_, municipios2_.municipio as municipi4_6_2_, municipios2_.id_provincia as id_provi6_6_2_, municipios2_.slug as slug5_6_2_, comunidade3_.id as id1_3_3_, comunidade3_.comunidad as comunida2_3_3_, comunidade3_.slug as slug3_3_3_ from municipios municipios0_ left outer join provincias provincias1_ on municipios0_.id_provincia=provincias1_.id left outer join municipios municipios2_ on provincias1_.capital_id=municipios2_.id left outer join comunidades comunidade3_ on provincias1_.comunidad_id=comunidade3_.id where municipios0_.id=?
Hibernate: select comunidade0_.id as id1_3_0_, comunidade0_.comunidad as comunida2_3_0_, comunidade0_.slug as slug3_3_0_ from comunidades comunidade0_ where comunidade0_.id=?
Hibernate: select municipios0_.id as id1_6_0_, municipios0_.latitud as latitud2_6_0_, municipios0_.longitud as longitud3_6_0_, municipios0_.municipio as municipi4_6_0_, municipios0_.id_provincia as id_provi6_6_0_, municipios0_.slug as slug5_6_0_, provincias1_.id as id1_7_1_, provincias1_.capital_id as capital_4_7_1_, provincias1_.comunidad_id as comunida5_7_1_, provincias1_.provincia as provinci2_7_1_, provincias1_.slug as slug3_7_1_, municipios2_.id as id1_6_2_, municipios2_.latitud as latitud2_6_2_, municipios2_.longitud as longitud3_6_2_, municipios2_.municipio as municipi4_6_2_, municipios2_.id_provincia as id_provi6_6_2_, municipios2_.slug as slug5_6_2_, comunidade3_.id as id1_3_3_, comunidade3_.comunidad as comunida2_3_3_, comunidade3_.slug as slug3_3_3_ from municipios municipios0_ left outer join provincias provincias1_ on municipios0_.id_provincia=provincias1_.id left outer join municipios municipios2_ on provincias1_.capital_id=municipios2_.id left outer join comunidades comunidade3_ on provincias1_.comunidad_id=comunidade3_.id where municipios0_.id=?
Hibernate: select municipios0_.id as id1_6_0_, municipios0_.latitud as latitud2_6_0_, municipios0_.longitud as longitud3_6_0_, municipios0_.municipio as municipi4_6_0_, municipios0_.id_provincia as id_provi6_6_0_, municipios0_.slug as slug5_6_0_, provincias1_.id as id1_7_1_, provincias1_.capital_id as capital_4_7_1_, provincias1_.comunidad_id as comunida5_7_1_, provincias1_.provincia as provinci2_7_1_, provincias1_.slug as slug3_7_1_, municipios2_.id as id1_6_2_, municipios2_.latitud as latitud2_6_2_, municipios2_.longitud as longitud3_6_2_, municipios2_.municipio as municipi4_6_2_, municipios2_.id_provincia as id_provi6_6_2_, municipios2_.slug as slug5_6_2_, comunidade3_.id as id1_3_3_, comunidade3_.comunidad as comunida2_3_3_, comunidade3_.slug as slug3_3_3_ from municipios municipios0_ left outer join provincias provincias1_ on municipios0_.id_provincia=provincias1_.id left outer join municipios municipios2_ on provincias1_.capital_id=municipios2_.id left outer join comunidades comunidade3_ on provincias1_.comunidad_id=comunidade3_.id where municipios0_.id=?
Hibernate: select provincias0_.id as id1_7_0_, provincias0_.capital_id as capital_4_7_0_, provincias0_.comunidad_id as comunida5_7_0_, provincias0_.provincia as provinci2_7_0_, provincias0_.slug as slug3_7_0_, municipios1_.id as id1_6_1_, municipios1_.latitud as latitud2_6_1_, municipios1_.longitud as longitud3_6_1_, municipios1_.municipio as municipi4_6_1_, municipios1_.id_provincia as id_provi6_6_1_, municipios1_.slug as slug5_6_1_, provincias2_.id as id1_7_2_, provincias2_.capital_id as capital_4_7_2_, provincias2_.comunidad_id as comunida5_7_2_, provincias2_.provincia as provinci2_7_2_, provincias2_.slug as slug3_7_2_, comunidade3_.id as id1_3_3_, comunidade3_.comunidad as comunida2_3_3_, comunidade3_.slug as slug3_3_3_ from provincias provincias0_ left outer join municipios municipios1_ on provincias0_.capital_id=municipios1_.id left outer join provincias provincias2_ on municipios1_.id_provincia=provincias2_.id left outer join comunidades comunidade3_ on provincias0_.comunidad_id=comunidade3_.id where provincias0_.id=?
Hibernate: select municipios0_.id as id1_6_0_, municipios0_.latitud as latitud2_6_0_, municipios0_.longitud as longitud3_6_0_, municipios0_.municipio as municipi4_6_0_, municipios0_.id_provincia as id_provi6_6_0_, municipios0_.slug as slug5_6_0_, provincias1_.id as id1_7_1_, provincias1_.capital_id as capital_4_7_1_, provincias1_.comunidad_id as comunida5_7_1_, provincias1_.provincia as provinci2_7_1_, provincias1_.slug as slug3_7_1_, municipios2_.id as id1_6_2_, municipios2_.latitud as latitud2_6_2_, municipios2_.longitud as longitud3_6_2_, municipios2_.municipio as municipi4_6_2_, municipios2_.id_provincia as id_provi6_6_2_, municipios2_.slug as slug5_6_2_, comunidade3_.id as id1_3_3_, comunidade3_.comunidad as comunida2_3_3_, comunidade3_.slug as slug3_3_3_ from municipios municipios0_ left outer join provincias provincias1_ on municipios0_.id_provincia=provincias1_.id left outer join municipios municipios2_ on provincias1_.capital_id=municipios2_.id left outer join comunidades comunidade3_ on provincias1_.comunidad_id=comunidade3_.id where municipios0_.id=?
Hibernate: select provincias0_.id as id1_7_0_, provincias0_.capital_id as capital_4_7_0_, provincias0_.comunidad_id as comunida5_7_0_, provincias0_.provincia as provinci2_7_0_, provincias0_.slug as slug3_7_0_, municipios1_.id as id1_6_1_, municipios1_.latitud as latitud2_6_1_, municipios1_.longitud as longitud3_6_1_, municipios1_.municipio as municipi4_6_1_, municipios1_.id_provincia as id_provi6_6_1_, municipios1_.slug as slug5_6_1_, provincias2_.id as id1_7_2_, provincias2_.capital_id as capital_4_7_2_, provincias2_.comunidad_id as comunida5_7_2_, provincias2_.provincia as provinci2_7_2_, provincias2_.slug as slug3_7_2_, comunidade3_.id as id1_3_3_, comunidade3_.comunidad as comunida2_3_3_, comunidade3_.slug as slug3_3_3_ from provincias provincias0_ left outer join municipios municipios1_ on provincias0_.capital_id=municipios1_.id left outer join provincias provincias2_ on municipios1_.id_provincia=provincias2_.id left outer join comunidades comunidade3_ on provincias0_.comunidad_id=comunidade3_.id where provincias0_.id=?
Hibernate: select municipios0_.id as id1_6_0_, municipios0_.latitud as latitud2_6_0_, municipios0_.longitud as longitud3_6_0_, municipios0_.municipio as municipi4_6_0_, municipios0_.id_provincia as id_provi6_6_0_, municipios0_.slug as slug5_6_0_, provincias1_.id as id1_7_1_, provincias1_.capital_id as capital_4_7_1_, provincias1_.comunidad_id as comunida5_7_1_, provincias1_.provincia as provinci2_7_1_, provincias1_.slug as slug3_7_1_, municipios2_.id as id1_6_2_, municipios2_.latitud as latitud2_6_2_, municipios2_.longitud as longitud3_6_2_, municipios2_.municipio as municipi4_6_2_, municipios2_.id_provincia as id_provi6_6_2_, municipios2_.slug as slug5_6_2_, comunidade3_.id as id1_3_3_, comunidade3_.comunidad as comunida2_3_3_, comunidade3_.slug as slug3_3_3_ from municipios municipios0_ left outer join provincias provincias1_ on municipios0_.id_provincia=provincias1_.id left outer join municipios municipios2_ on provincias1_.capital_id=municipios2_.id left outer join comunidades comunidade3_ on provincias1_.comunidad_id=comunidade3_.id where municipios0_.id=?
Hibernate: select comunidade0_.id as id1_3_0_, comunidade0_.comunidad as comunida2_3_0_, comunidade0_.slug as slug3_3_0_ from comunidades comunidade0_ where comunidade0_.id=?
Hibernate: select municipios0_.id as id1_6_0_, municipios0_.latitud as latitud2_6_0_, municipios0_.longitud as longitud3_6_0_, municipios0_.municipio as municipi4_6_0_, municipios0_.id_provincia as id_provi6_6_0_, municipios0_.slug as slug5_6_0_, provincias1_.id as id1_7_1_, provincias1_.capital_id as capital_4_7_1_, provincias1_.comunidad_id as comunida5_7_1_, provincias1_.provincia as provinci2_7_1_, provincias1_.slug as slug3_7_1_, municipios2_.id as id1_6_2_, municipios2_.latitud as latitud2_6_2_, municipios2_.longitud as longitud3_6_2_, municipios2_.municipio as municipi4_6_2_, municipios2_.id_provincia as id_provi6_6_2_, municipios2_.slug as slug5_6_2_, comunidade3_.id as id1_3_3_, comunidade3_.comunidad as comunida2_3_3_, comunidade3_.slug as slug3_3_3_ from municipios municipios0_ left outer join provincias provincias1_ on municipios0_.id_provincia=provincias1_.id left outer join municipios municipios2_ on provincias1_.capital_id=municipios2_.id left outer join comunidades comunidade3_ on provincias1_.comunidad_id=comunidade3_.id where municipios0_.id=?
Hibernate: select municipios0_.id as id1_6_0_, municipios0_.latitud as latitud2_6_0_, municipios0_.longitud as longitud3_6_0_, municipios0_.municipio as municipi4_6_0_, municipios0_.id_provincia as id_provi6_6_0_, municipios0_.slug as slug5_6_0_, provincias1_.id as id1_7_1_, provincias1_.capital_id as capital_4_7_1_, provincias1_.comunidad_id as comunida5_7_1_, provincias1_.provincia as provinci2_7_1_, provincias1_.slug as slug3_7_1_, municipios2_.id as id1_6_2_, municipios2_.latitud as latitud2_6_2_, municipios2_.longitud as longitud3_6_2_, municipios2_.municipio as municipi4_6_2_, municipios2_.id_provincia as id_provi6_6_2_, municipios2_.slug as slug5_6_2_, comunidade3_.id as id1_3_3_, comunidade3_.comunidad as comunida2_3_3_, comunidade3_.slug as slug3_3_3_ from municipios municipios0_ left outer join provincias provincias1_ on municipios0_.id_provincia=provincias1_.id left outer join municipios municipios2_ on provincias1_.capital_id=municipios2_.id left outer join comunidades comunidade3_ on provincias1_.comunidad_id=comunidade3_.id where municipios0_.id=?
Hibernate: select provincias0_.id as id1_7_0_, provincias0_.capital_id as capital_4_7_0_, provincias0_.comunidad_id as comunida5_7_0_, provincias0_.provincia as provinci2_7_0_, provincias0_.slug as slug3_7_0_, municipios1_.id as id1_6_1_, municipios1_.latitud as latitud2_6_1_, municipios1_.longitud as longitud3_6_1_, municipios1_.municipio as municipi4_6_1_, municipios1_.id_provincia as id_provi6_6_1_, municipios1_.slug as slug5_6_1_, provincias2_.id as id1_7_2_, provincias2_.capital_id as capital_4_7_2_, provincias2_.comunidad_id as comunida5_7_2_, provincias2_.provincia as provinci2_7_2_, provincias2_.slug as slug3_7_2_, comunidade3_.id as id1_3_3_, comunidade3_.comunidad as comunida2_3_3_, comunidade3_.slug as slug3_3_3_ from provincias provincias0_ left outer join municipios municipios1_ on provincias0_.capital_id=municipios1_.id left outer join provincias provincias2_ on municipios1_.id_provincia=provincias2_.id left outer join comunidades comunidade3_ on provincias0_.comunidad_id=comunidade3_.id where provincias0_.id=?
Hibernate: select municipios0_.id as id1_6_0_, municipios0_.latitud as latitud2_6_0_, municipios0_.longitud as longitud3_6_0_, municipios0_.municipio as municipi4_6_0_, municipios0_.id_provincia as id_provi6_6_0_, municipios0_.slug as slug5_6_0_, provincias1_.id as id1_7_1_, provincias1_.capital_id as capital_4_7_1_, provincias1_.comunidad_id as comunida5_7_1_, provincias1_.provincia as provinci2_7_1_, provincias1_.slug as slug3_7_1_, municipios2_.id as id1_6_2_, municipios2_.latitud as latitud2_6_2_, municipios2_.longitud as longitud3_6_2_, municipios2_.municipio as municipi4_6_2_, municipios2_.id_provincia as id_provi6_6_2_, municipios2_.slug as slug5_6_2_, comunidade3_.id as id1_3_3_, comunidade3_.comunidad as comunida2_3_3_, comunidade3_.slug as slug3_3_3_ from municipios municipios0_ left outer join provincias provincias1_ on municipios0_.id_provincia=provincias1_.id left outer join municipios municipios2_ on provincias1_.capital_id=municipios2_.id left outer join comunidades comunidade3_ on provincias1_.comunidad_id=comunidade3_.id where municipios0_.id=?
Hibernate: select provincias0_.id as id1_7_0_, provincias0_.capital_id as capital_4_7_0_, provincias0_.comunidad_id as comunida5_7_0_, provincias0_.provincia as provinci2_7_0_, provincias0_.slug as slug3_7_0_, municipios1_.id as id1_6_1_, municipios1_.latitud as latitud2_6_1_, municipios1_.longitud as longitud3_6_1_, municipios1_.municipio as municipi4_6_1_, municipios1_.id_provincia as id_provi6_6_1_, municipios1_.slug as slug5_6_1_, provincias2_.id as id1_7_2_, provincias2_.capital_id as capital_4_7_2_, provincias2_.comunidad_id as comunida5_7_2_, provincias2_.provincia as provinci2_7_2_, provincias2_.slug as slug3_7_2_, comunidade3_.id as id1_3_3_, comunidade3_.comunidad as comunida2_3_3_, comunidade3_.slug as slug3_3_3_ from provincias provincias0_ left outer join municipios municipios1_ on provincias0_.capital_id=municipios1_.id left outer join provincias provincias2_ on municipios1_.id_provincia=provincias2_.id left outer join comunidades comunidade3_ on provincias0_.comunidad_id=comunidade3_.id where provincias0_.id=?
Hibernate: select municipios0_.id as id1_6_0_, municipios0_.latitud as latitud2_6_0_, municipios0_.longitud as longitud3_6_0_, municipios0_.municipio as municipi4_6_0_, municipios0_.id_provincia as id_provi6_6_0_, municipios0_.slug as slug5_6_0_, provincias1_.id as id1_7_1_, provincias1_.capital_id as capital_4_7_1_, provincias1_.comunidad_id as comunida5_7_1_, provincias1_.provincia as provinci2_7_1_, provincias1_.slug as slug3_7_1_, municipios2_.id as id1_6_2_, municipios2_.latitud as latitud2_6_2_, municipios2_.longitud as longitud3_6_2_, municipios2_.municipio as municipi4_6_2_, municipios2_.id_provincia as id_provi6_6_2_, municipios2_.slug as slug5_6_2_, comunidade3_.id as id1_3_3_, comunidade3_.comunidad as comunida2_3_3_, comunidade3_.slug as slug3_3_3_ from municipios municipios0_ left outer join provincias provincias1_ on municipios0_.id_provincia=provincias1_.id left outer join municipios municipios2_ on provincias1_.capital_id=municipios2_.id left outer join comunidades comunidade3_ on provincias1_.comunidad_id=comunidade3_.id where municipios0_.id=?
Hibernate: select provincias0_.id as id1_7_0_, provincias0_.capital_id as capital_4_7_0_, provincias0_.comunidad_id as comunida5_7_0_, provincias0_.provincia as provinci2_7_0_, provincias0_.slug as slug3_7_0_, municipios1_.id as id1_6_1_, municipios1_.latitud as latitud2_6_1_, municipios1_.longitud as longitud3_6_1_, municipios1_.municipio as municipi4_6_1_, municipios1_.id_provincia as id_provi6_6_1_, municipios1_.slug as slug5_6_1_, provincias2_.id as id1_7_2_, provincias2_.capital_id as capital_4_7_2_, provincias2_.comunidad_id as comunida5_7_2_, provincias2_.provincia as provinci2_7_2_, provincias2_.slug as slug3_7_2_, comunidade3_.id as id1_3_3_, comunidade3_.comunidad as comunida2_3_3_, comunidade3_.slug as slug3_3_3_ from provincias provincias0_ left outer join municipios municipios1_ on provincias0_.capital_id=municipios1_.id left outer join provincias provincias2_ on municipios1_.id_provincia=provincias2_.id left outer join comunidades comunidade3_ on provincias0_.comunidad_id=comunidade3_.id where provincias0_.id=?
Hibernate: select municipios0_.id as id1_6_0_, municipios0_.latitud as latitud2_6_0_, municipios0_.longitud as longitud3_6_0_, municipios0_.municipio as municipi4_6_0_, municipios0_.id_provincia as id_provi6_6_0_, municipios0_.slug as slug5_6_0_, provincias1_.id as id1_7_1_, provincias1_.capital_id as capital_4_7_1_, provincias1_.comunidad_id as comunida5_7_1_, provincias1_.provincia as provinci2_7_1_, provincias1_.slug as slug3_7_1_, municipios2_.id as id1_6_2_, municipios2_.latitud as latitud2_6_2_, municipios2_.longitud as longitud3_6_2_, municipios2_.municipio as municipi4_6_2_, municipios2_.id_provincia as id_provi6_6_2_, municipios2_.slug as slug5_6_2_, comunidade3_.id as id1_3_3_, comunidade3_.comunidad as comunida2_3_3_, comunidade3_.slug as slug3_3_3_ from municipios municipios0_ left outer join provincias provincias1_ on municipios0_.id_provincia=provincias1_.id left outer join municipios municipios2_ on provincias1_.capital_id=municipios2_.id left outer join comunidades comunidade3_ on provincias1_.comunidad_id=comunidade3_.id where municipios0_.id=?
Hibernate: select provincias0_.id as id1_7_0_, provincias0_.capital_id as capital_4_7_0_, provincias0_.comunidad_id as comunida5_7_0_, provincias0_.provincia as provinci2_7_0_, provincias0_.slug as slug3_7_0_, municipios1_.id as id1_6_1_, municipios1_.latitud as latitud2_6_1_, municipios1_.longitud as longitud3_6_1_, municipios1_.municipio as municipi4_6_1_, municipios1_.id_provincia as id_provi6_6_1_, municipios1_.slug as slug5_6_1_, provincias2_.id as id1_7_2_, provincias2_.capital_id as capital_4_7_2_, provincias2_.comunidad_id as comunida5_7_2_, provincias2_.provincia as provinci2_7_2_, provincias2_.slug as slug3_7_2_, comunidade3_.id as id1_3_3_, comunidade3_.comunidad as comunida2_3_3_, comunidade3_.slug as slug3_3_3_ from provincias provincias0_ left outer join municipios municipios1_ on provincias0_.capital_id=municipios1_.id left outer join provincias provincias2_ on municipios1_.id_provincia=provincias2_.id left outer join comunidades comunidade3_ on provincias0_.comunidad_id=comunidade3_.id where provincias0_.id=?
Hibernate: select municipios0_.id as id1_6_0_, municipios0_.latitud as latitud2_6_0_, municipios0_.longitud as longitud3_6_0_, municipios0_.municipio as municipi4_6_0_, municipios0_.id_provincia as id_provi6_6_0_, municipios0_.slug as slug5_6_0_, provincias1_.id as id1_7_1_, provincias1_.capital_id as capital_4_7_1_, provincias1_.comunidad_id as comunida5_7_1_, provincias1_.provincia as provinci2_7_1_, provincias1_.slug as slug3_7_1_, municipios2_.id as id1_6_2_, municipios2_.latitud as latitud2_6_2_, municipios2_.longitud as longitud3_6_2_, municipios2_.municipio as municipi4_6_2_, municipios2_.id_provincia as id_provi6_6_2_, municipios2_.slug as slug5_6_2_, comunidade3_.id as id1_3_3_, comunidade3_.comunidad as comunida2_3_3_, comunidade3_.slug as slug3_3_3_ from municipios municipios0_ left outer join provincias provincias1_ on municipios0_.id_provincia=provincias1_.id left outer join municipios municipios2_ on provincias1_.capital_id=municipios2_.id left outer join comunidades comunidade3_ on provincias1_.comunidad_id=comunidade3_.id where municipios0_.id=?
Hibernate: select provincias0_.id as id1_7_0_, provincias0_.capital_id as capital_4_7_0_, provincias0_.comunidad_id as comunida5_7_0_, provincias0_.provincia as provinci2_7_0_, provincias0_.slug as slug3_7_0_, municipios1_.id as id1_6_1_, municipios1_.latitud as latitud2_6_1_, municipios1_.longitud as longitud3_6_1_, municipios1_.municipio as municipi4_6_1_, municipios1_.id_provincia as id_provi6_6_1_, municipios1_.slug as slug5_6_1_, provincias2_.id as id1_7_2_, provincias2_.capital_id as capital_4_7_2_, provincias2_.comunidad_id as comunida5_7_2_, provincias2_.provincia as provinci2_7_2_, provincias2_.slug as slug3_7_2_, comunidade3_.id as id1_3_3_, comunidade3_.comunidad as comunida2_3_3_, comunidade3_.slug as slug3_3_3_ from provincias provincias0_ left outer join municipios municipios1_ on provincias0_.capital_id=municipios1_.id left outer join provincias provincias2_ on municipios1_.id_provincia=provincias2_.id left outer join comunidades comunidade3_ on provincias0_.comunidad_id=comunidade3_.id where provincias0_.id=?
Hibernate: select municipios0_.id as id1_6_0_, municipios0_.latitud as latitud2_6_0_, municipios0_.longitud as longitud3_6_0_, municipios0_.municipio as municipi4_6_0_, municipios0_.id_provincia as id_provi6_6_0_, municipios0_.slug as slug5_6_0_, provincias1_.id as id1_7_1_, provincias1_.capital_id as capital_4_7_1_, provincias1_.comunidad_id as comunida5_7_1_, provincias1_.provincia as provinci2_7_1_, provincias1_.slug as slug3_7_1_, municipios2_.id as id1_6_2_, municipios2_.latitud as latitud2_6_2_, municipios2_.longitud as longitud3_6_2_, municipios2_.municipio as municipi4_6_2_, municipios2_.id_provincia as id_provi6_6_2_, municipios2_.slug as slug5_6_2_, comunidade3_.id as id1_3_3_, comunidade3_.comunidad as comunida2_3_3_, comunidade3_.slug as slug3_3_3_ from municipios municipios0_ left outer join provincias provincias1_ on municipios0_.id_provincia=provincias1_.id left outer join municipios municipios2_ on provincias1_.capital_id=municipios2_.id left outer join comunidades comunidade3_ on provincias1_.comunidad_id=comunidade3_.id where municipios0_.id=?
Hibernate: select provincias0_.id as id1_7_0_, provincias0_.capital_id as capital_4_7_0_, provincias0_.comunidad_id as comunida5_7_0_, provincias0_.provincia as provinci2_7_0_, provincias0_.slug as slug3_7_0_, municipios1_.id as id1_6_1_, municipios1_.latitud as latitud2_6_1_, municipios1_.longitud as longitud3_6_1_, municipios1_.municipio as municipi4_6_1_, municipios1_.id_provincia as id_provi6_6_1_, municipios1_.slug as slug5_6_1_, provincias2_.id as id1_7_2_, provincias2_.capital_id as capital_4_7_2_, provincias2_.comunidad_id as comunida5_7_2_, provincias2_.provincia as provinci2_7_2_, provincias2_.slug as slug3_7_2_, comunidade3_.id as id1_3_3_, comunidade3_.comunidad as comunida2_3_3_, comunidade3_.slug as slug3_3_3_ from provincias provincias0_ left outer join municipios municipios1_ on provincias0_.capital_id=municipios1_.id left outer join provincias provincias2_ on municipios1_.id_provincia=provincias2_.id left outer join comunidades comunidade3_ on provincias0_.comunidad_id=comunidade3_.id where provincias0_.id=?
Hibernate: select municipios0_.id as id1_6_0_, municipios0_.latitud as latitud2_6_0_, municipios0_.longitud as longitud3_6_0_, municipios0_.municipio as municipi4_6_0_, municipios0_.id_provincia as id_provi6_6_0_, municipios0_.slug as slug5_6_0_, provincias1_.id as id1_7_1_, provincias1_.capital_id as capital_4_7_1_, provincias1_.comunidad_id as comunida5_7_1_, provincias1_.provincia as provinci2_7_1_, provincias1_.slug as slug3_7_1_, municipios2_.id as id1_6_2_, municipios2_.latitud as latitud2_6_2_, municipios2_.longitud as longitud3_6_2_, municipios2_.municipio as municipi4_6_2_, municipios2_.id_provincia as id_provi6_6_2_, municipios2_.slug as slug5_6_2_, comunidade3_.id as id1_3_3_, comunidade3_.comunidad as comunida2_3_3_, comunidade3_.slug as slug3_3_3_ from municipios municipios0_ left outer join provincias provincias1_ on municipios0_.id_provincia=provincias1_.id left outer join municipios municipios2_ on provincias1_.capital_id=municipios2_.id left outer join comunidades comunidade3_ on provincias1_.comunidad_id=comunidade3_.id where municipios0_.id=?
Hibernate: select comunidade0_.id as id1_3_0_, comunidade0_.comunidad as comunida2_3_0_, comunidade0_.slug as slug3_3_0_ from comunidades comunidade0_ where comunidade0_.id=?
Hibernate: select comunidade0_.id as id1_3_0_, comunidade0_.comunidad as comunida2_3_0_, comunidade0_.slug as slug3_3_0_ from comunidades comunidade0_ where comunidade0_.id=?
Hibernate: select municipios0_.id_provincia as id_provi6_6_0_, municipios0_.id as id1_6_0_, municipios0_.id as id1_6_1_, municipios0_.latitud as latitud2_6_1_, municipios0_.longitud as longitud3_6_1_, municipios0_.municipio as municipi4_6_1_, municipios0_.id_provincia as id_provi6_6_1_, municipios0_.slug as slug5_6_1_ from municipios municipios0_ where municipios0_.id_provincia=?
Hibernate: select zonaslist0_.id_municipio as id_munic5_8_0_, zonaslist0_.id as id1_8_0_, zonaslist0_.id as id1_8_1_, zonaslist0_.activa as activa2_8_1_, zonaslist0_.id_municipio as id_munic5_8_1_, zonaslist0_.nombre as nombre3_8_1_, zonaslist0_.nombre_admin as nombre_a4_8_1_ from zonas zonaslist0_ where zonaslist0_.id_municipio=?
]]></system-out>
  </testcase>
</testsuite>